Using pre-set license
Built from '2020.2/release' branch; Version is '2020.2.1f1 (270dd8c3da1c) revision 2559448'; Using compiler version '192528614'; Build Type 'Release'
OS: 'Windows 10  (10.0.0) 64bit' Language: 'en' Physical Memory: 16245 MB
BatchMode: 1, IsHumanControllingUs: 0, StartBugReporterOnCrash: 0, Is64bit: 1, IsPro: 0

 COMMAND LINE ARGUMENTS:
C:\Program Files\Unity\Hub\Editor\2020.2.1f1\Editor\Unity.exe
-adb2
-batchMode
-noUpm
-name
AssetImportWorker0
-projectPath
C:/Users/benpi/Desktop/Unity Projects/2.5D Platformer
-logFile
Logs/AssetImportWorker0.log
-srvPort
53911
Successfully changed project path to: C:/Users/benpi/Desktop/Unity Projects/2.5D Platformer
C:/Users/benpi/Desktop/Unity Projects/2.5D Platformer
Using Asset Import Pipeline V2.
Refreshing native plugins compatible for Editor in 29.81 ms, found 0 plugins.
Preloading 0 native plugins for Editor in 0.00 ms.
Initialize engine version: 2020.2.1f1 (270dd8c3da1c)
[Subsystems] Discovering subsystems at path C:/Program Files/Unity/Hub/Editor/2020.2.1f1/Editor/Data/Resources/UnitySubsystems
[Subsystems] Discovering subsystems at path C:/Users/benpi/Desktop/Unity Projects/2.5D Platformer/Assets
GfxDevice: creating device client; threaded=0
Direct3D:
    Version:  Direct3D 11.0 [level 11.1]
    Renderer: NVIDIA GeForce GTX 1660 Ti (ID=0x2191)
    Vendor:   
    VRAM:     5991 MB
    Driver:   26.21.14.4253
Initialize mono
Mono path[0] = 'C:/Program Files/Unity/Hub/Editor/2020.2.1f1/Editor/Data/Managed'
Mono path[1] = 'C:/Program Files/Unity/Hub/Editor/2020.2.1f1/Editor/Data/MonoBleedingEdge/lib/mono/unityjit'
Mono config path = 'C:/Program Files/Unity/Hub/Editor/2020.2.1f1/Editor/Data/MonoBleedingEdge/etc'
Using monoOptions --debugger-agent=transport=dt_socket,embedding=1,server=y,suspend=n,address=127.0.0.1:56088
Begin MonoManager ReloadAssembly
Registering precompiled unity dll's ...
Register platform support module: C:/Program Files/Unity/Hub/Editor/2020.2.1f1/Editor/Data/PlaybackEngines/WebGLSupport/UnityEditor.WebGL.Extensions.dll
Register platform support module: C:/Program Files/Unity/Hub/Editor/2020.2.1f1/Editor/Data/PlaybackEngines/WindowsStandaloneSupport/UnityEditor.WindowsStandalone.Extensions.dll
Registered in 0.165915 seconds.
Native extension for WindowsStandalone target not found
Native extension for WebGL target not found
Refreshing native plugins compatible for Editor in 20.86 ms, found 0 plugins.
Preloading 0 native plugins for Editor in 0.00 ms.
Invoked RoslynAnalysisRunner static constructor.
RoslynAnalysisRunner will not be running.
RoslynAnalysisRunner has terminated.
Mono: successfully reloaded assembly
- Completed reload, in  5.315 seconds
Platform modules already initialized, skipping
Registering precompiled user dll's ...
Registered in 0.051459 seconds.
Begin MonoManager ReloadAssembly
Native extension for WindowsStandalone target not found
Native extension for WebGL target not found
Refreshing native plugins compatible for Editor in 0.20 ms, found 0 plugins.
Preloading 0 native plugins for Editor in 0.00 ms.
Invoked RoslynAnalysisRunner static constructor.
RoslynAnalysisRunner will not be running.
RoslynAnalysisRunner has terminated.
Mono: successfully reloaded assembly
- Completed reload, in  1.681 seconds
Platform modules already initialized, skipping
========================================================================
Worker process is ready to serve import requests
Launched and connected shader compiler UnityShaderCompiler.exe after 0.08 seconds
Refreshing native plugins compatible for Editor in 0.18 ms, found 0 plugins.
Preloading 0 native plugins for Editor in 0.00 ms.
Unloading 1095 Unused Serialized files (Serialized files now loaded: 0)
System memory in use before: 56.4 MB.
System memory in use after: 56.5 MB.

Unloading 10 unused Assets to reduce memory usage. Loaded Objects now: 1536.
Total: 4.742600 ms (FindLiveObjects: 0.120500 ms CreateObjectMapping: 0.039200 ms MarkObjects: 4.237900 ms  DeleteObjects: 0.343800 ms)

========================================================================
Received Import Request.
  path: Assets/Scripts/Player.cs
  artifactKey: Guid(628ed99f2984ab94597dacba101db22e) Importer(815301076,1909f56bfc062723c751e8b465ee728b)
Start importing Assets/Scripts/Player.cs using Guid(628ed99f2984ab94597dacba101db22e) Importer(815301076,1909f56bfc062723c751e8b465ee728b)  -> (artifact id: 'fefd6eeae1c6b3fa760e7defb33245f6') in 0.034032 seconds
  Import took 0.036180 seconds .

========================================================================
Received Import Request.
  Time since last request: 62.974157 seconds.
  path: Assets/Scripts/GroundDetection.cs
  artifactKey: Guid(033f024097250914587897f363869060) Importer(815301076,1909f56bfc062723c751e8b465ee728b)
Start importing Assets/Scripts/GroundDetection.cs using Guid(033f024097250914587897f363869060) Importer(815301076,1909f56bfc062723c751e8b465ee728b)  -> (artifact id: 'c0d998eb025f27bd29bb43ed487ab3ad') in 0.013069 seconds
  Import took 0.015262 seconds .

========================================================================
Received Import Request.
  Time since last request: 0.004194 seconds.
  path: Assets/Scripts/GroundDetection.cs
  artifactKey: Guid(033f024097250914587897f363869060) Importer(815301076,1909f56bfc062723c751e8b465ee728b)
Start importing Assets/Scripts/GroundDetection.cs using Guid(033f024097250914587897f363869060) Importer(815301076,1909f56bfc062723c751e8b465ee728b)  -> (artifact id: 'c0d998eb025f27bd29bb43ed487ab3ad') in 0.003262 seconds
  Import took 0.005137 seconds .

========================================================================
Received Import Request.
  Time since last request: 16.644363 seconds.
  path: Assets/Scripts/GroundDetection.cs
  artifactKey: Guid(033f024097250914587897f363869060) Importer(815301076,1909f56bfc062723c751e8b465ee728b)
Start importing Assets/Scripts/GroundDetection.cs using Guid(033f024097250914587897f363869060) Importer(815301076,1909f56bfc062723c751e8b465ee728b)  -> (artifact id: 'e2a8646e07a0cf13b9022227b59c6b18') in 0.003562 seconds
  Import took 0.006348 seconds .

========================================================================
Received Import Request.
  Time since last request: 0.001530 seconds.
  path: Assets/Scripts/GroundDetection.cs
  artifactKey: Guid(033f024097250914587897f363869060) Importer(815301076,1909f56bfc062723c751e8b465ee728b)
Start importing Assets/Scripts/GroundDetection.cs using Guid(033f024097250914587897f363869060) Importer(815301076,1909f56bfc062723c751e8b465ee728b)  -> (artifact id: 'e2a8646e07a0cf13b9022227b59c6b18') in 0.003340 seconds
  Import took 0.005638 seconds .

========================================================================
Received Prepare
Registering precompiled user dll's ...
Registered in 0.000666 seconds.
Begin MonoManager ReloadAssembly
Native extension for WindowsStandalone target not found
Native extension for WebGL target not found
Refreshing native plugins compatible for Editor in 0.31 ms, found 0 plugins.
Preloading 0 native plugins for Editor in 0.00 ms.
Invoked RoslynAnalysisRunner static constructor.
RoslynAnalysisRunner will not be running.
RoslynAnalysisRunner has terminated.
Mono: successfully reloaded assembly
- Completed reload, in  1.046 seconds
Platform modules already initialized, skipping
Refreshing native plugins compatible for Editor in 0.72 ms, found 0 plugins.
Preloading 0 native plugins for Editor in 0.00 ms.
Unloading 1091 Unused Serialized files (Serialized files now loaded: 0)
System memory in use before: 56.5 MB.
System memory in use after: 56.6 MB.

Unloading 5 unused Assets to reduce memory usage. Loaded Objects now: 1539.
Total: 3.724300 ms (FindLiveObjects: 0.191100 ms CreateObjectMapping: 0.055500 ms MarkObjects: 3.413600 ms  DeleteObjects: 0.061900 ms)

========================================================================
Received Import Request.
  Time since last request: 18.357607 seconds.
  path: Assets/Scripts/Coin.cs
  artifactKey: Guid(fd3714cf1c68cdc42b00248e04e52f79) Importer(815301076,1909f56bfc062723c751e8b465ee728b)
Start importing Assets/Scripts/Coin.cs using Guid(fd3714cf1c68cdc42b00248e04e52f79) Importer(815301076,1909f56bfc062723c751e8b465ee728b)  -> (artifact id: '0e49a885557df8d2591c716a85769e58') in 0.010524 seconds
  Import took 0.012208 seconds .

========================================================================
Received Import Request.
  Time since last request: 0.001310 seconds.
  path: Assets/Scripts/Coin.cs
  artifactKey: Guid(fd3714cf1c68cdc42b00248e04e52f79) Importer(815301076,1909f56bfc062723c751e8b465ee728b)
Start importing Assets/Scripts/Coin.cs using Guid(fd3714cf1c68cdc42b00248e04e52f79) Importer(815301076,1909f56bfc062723c751e8b465ee728b)  -> (artifact id: '0e49a885557df8d2591c716a85769e58') in 0.002324 seconds
  Import took 0.004213 seconds .

========================================================================
Received Prepare
Registering precompiled user dll's ...
Registered in 0.000538 seconds.
Begin MonoManager ReloadAssembly
Native extension for WindowsStandalone target not found
Native extension for WebGL target not found
Refreshing native plugins compatible for Editor in 0.36 ms, found 0 plugins.
Preloading 0 native plugins for Editor in 0.00 ms.
Invoked RoslynAnalysisRunner static constructor.
RoslynAnalysisRunner will not be running.
RoslynAnalysisRunner has terminated.
Mono: successfully reloaded assembly
- Completed reload, in  0.817 seconds
Platform modules already initialized, skipping
Refreshing native plugins compatible for Editor in 0.20 ms, found 0 plugins.
Preloading 0 native plugins for Editor in 0.00 ms.
Unloading 1092 Unused Serialized files (Serialized files now loaded: 0)
System memory in use before: 56.7 MB.
System memory in use after: 56.8 MB.

Unloading 5 unused Assets to reduce memory usage. Loaded Objects now: 1542.
Total: 1.738800 ms (FindLiveObjects: 0.151800 ms CreateObjectMapping: 0.045400 ms MarkObjects: 1.489300 ms  DeleteObjects: 0.050800 ms)

========================================================================
Received Prepare
Registering precompiled user dll's ...
Registered in 0.000623 seconds.
Begin MonoManager ReloadAssembly
Native extension for WindowsStandalone target not found
Native extension for WebGL target not found
Refreshing native plugins compatible for Editor in 0.19 ms, found 0 plugins.
Preloading 0 native plugins for Editor in 0.00 ms.
Invoked RoslynAnalysisRunner static constructor.
RoslynAnalysisRunner will not be running.
RoslynAnalysisRunner has terminated.
Mono: successfully reloaded assembly
- Completed reload, in  1.019 seconds
Platform modules already initialized, skipping
Refreshing native plugins compatible for Editor in 0.40 ms, found 0 plugins.
Preloading 0 native plugins for Editor in 0.00 ms.
Unloading 1092 Unused Serialized files (Serialized files now loaded: 0)
System memory in use before: 56.8 MB.
System memory in use after: 56.9 MB.

Unloading 5 unused Assets to reduce memory usage. Loaded Objects now: 1544.
Total: 2.727900 ms (FindLiveObjects: 0.366100 ms CreateObjectMapping: 0.087100 ms MarkObjects: 2.211500 ms  DeleteObjects: 0.060600 ms)

========================================================================
Received Import Request.
  Time since last request: 92.637880 seconds.
  path: Assets/Prefabs/Collectable.prefab
  artifactKey: Guid(ff9b9e845fc835d48a341584cbdd6a8e) Importer(815301076,1909f56bfc062723c751e8b465ee728b)
Start importing Assets/Prefabs/Collectable.prefab using Guid(ff9b9e845fc835d48a341584cbdd6a8e) Importer(815301076,1909f56bfc062723c751e8b465ee728b)  -> (artifact id: '09a1a403eb952b56daf8ec9612866e7e') in 0.128430 seconds
  Import took 0.133352 seconds .

========================================================================
Received Import Request.
  Time since last request: 670.535682 seconds.
  path: Assets/Scripts/Coin.cs
  artifactKey: Guid(fd3714cf1c68cdc42b00248e04e52f79) Importer(815301076,1909f56bfc062723c751e8b465ee728b)
Start importing Assets/Scripts/Coin.cs using Guid(fd3714cf1c68cdc42b00248e04e52f79) Importer(815301076,1909f56bfc062723c751e8b465ee728b)  -> (artifact id: '1bda790cef23feb117342bb02a14e0b6') in 0.011407 seconds
  Import took 0.053560 seconds .

========================================================================
Received Import Request.
  Time since last request: 83.974578 seconds.
  path: Assets/Scripts/UI.cs
  artifactKey: Guid(2ed9604d60a9ae1428211ae6a503ec69) Importer(815301076,1909f56bfc062723c751e8b465ee728b)
Start importing Assets/Scripts/UI.cs using Guid(2ed9604d60a9ae1428211ae6a503ec69) Importer(815301076,1909f56bfc062723c751e8b465ee728b)  -> (artifact id: '081541d00ff87671bc961240bc31cc2e') in 0.009222 seconds
  Import took 0.012426 seconds .

========================================================================
Received Import Request.
  Time since last request: 0.000911 seconds.
  path: Assets/Scripts/UI.cs
  artifactKey: Guid(2ed9604d60a9ae1428211ae6a503ec69) Importer(815301076,1909f56bfc062723c751e8b465ee728b)
Start importing Assets/Scripts/UI.cs using Guid(2ed9604d60a9ae1428211ae6a503ec69) Importer(815301076,1909f56bfc062723c751e8b465ee728b)  -> (artifact id: '081541d00ff87671bc961240bc31cc2e') in 0.003334 seconds
  Import took 0.005635 seconds .

========================================================================
Received Import Request.
  Time since last request: 50.616625 seconds.
  path: Assets/Scripts/UIManager.cs
  artifactKey: Guid(2ed9604d60a9ae1428211ae6a503ec69) Importer(815301076,1909f56bfc062723c751e8b465ee728b)
Start importing Assets/Scripts/UIManager.cs using Guid(2ed9604d60a9ae1428211ae6a503ec69) Importer(815301076,1909f56bfc062723c751e8b465ee728b)  -> (artifact id: '502a33b0e1a94eeadca75be10d72fc7f') in 0.009133 seconds
  Import took 0.011332 seconds .

========================================================================
Received Prepare
Registering precompiled user dll's ...
Registered in 0.000963 seconds.
Begin MonoManager ReloadAssembly
Native extension for WindowsStandalone target not found
Native extension for WebGL target not found
Refreshing native plugins compatible for Editor in 0.25 ms, found 0 plugins.
Preloading 0 native plugins for Editor in 0.00 ms.
Invoked RoslynAnalysisRunner static constructor.
RoslynAnalysisRunner will not be running.
RoslynAnalysisRunner has terminated.
Mono: successfully reloaded assembly
- Completed reload, in  1.104 seconds
Platform modules already initialized, skipping
Refreshing native plugins compatible for Editor in 0.18 ms, found 0 plugins.
Preloading 0 native plugins for Editor in 0.00 ms.
Unloading 1093 Unused Serialized files (Serialized files now loaded: 0)
System memory in use before: 60.1 MB.
System memory in use after: 60.2 MB.

Unloading 6 unused Assets to reduce memory usage. Loaded Objects now: 1555.
Total: 3.040700 ms (FindLiveObjects: 0.342100 ms CreateObjectMapping: 0.051900 ms MarkObjects: 2.446200 ms  DeleteObjects: 0.199800 ms)

========================================================================
Received Prepare
Registering precompiled user dll's ...
Registered in 0.000546 seconds.
Begin MonoManager ReloadAssembly
Native extension for WindowsStandalone target not found
Native extension for WebGL target not found
Refreshing native plugins compatible for Editor in 0.17 ms, found 0 plugins.
Preloading 0 native plugins for Editor in 0.00 ms.
Invoked RoslynAnalysisRunner static constructor.
RoslynAnalysisRunner will not be running.
RoslynAnalysisRunner has terminated.
Mono: successfully reloaded assembly
- Completed reload, in  0.750 seconds
Platform modules already initialized, skipping
Refreshing native plugins compatible for Editor in 0.31 ms, found 0 plugins.
Preloading 0 native plugins for Editor in 0.00 ms.
Unloading 1094 Unused Serialized files (Serialized files now loaded: 0)
System memory in use before: 60.3 MB.
System memory in use after: 60.4 MB.

Unloading 5 unused Assets to reduce memory usage. Loaded Objects now: 1558.
Total: 1.350500 ms (FindLiveObjects: 0.128200 ms CreateObjectMapping: 0.050100 ms MarkObjects: 1.134000 ms  DeleteObjects: 0.037600 ms)

========================================================================
Received Import Request.
  Time since last request: 228.451940 seconds.
  path: Assets/script.cs
  artifactKey: Guid(725f51095f8fdce44980ccc70e02a4f2) Importer(815301076,1909f56bfc062723c751e8b465ee728b)
Start importing Assets/script.cs using Guid(725f51095f8fdce44980ccc70e02a4f2) Importer(815301076,1909f56bfc062723c751e8b465ee728b)  -> (artifact id: 'c0957ec62deabb4f71b26aa0780e91ae') in 0.011454 seconds
  Import took 0.013879 seconds .

========================================================================
Received Import Request.
  Time since last request: 0.000646 seconds.
  path: Assets/script.cs
  artifactKey: Guid(725f51095f8fdce44980ccc70e02a4f2) Importer(815301076,1909f56bfc062723c751e8b465ee728b)
Start importing Assets/script.cs using Guid(725f51095f8fdce44980ccc70e02a4f2) Importer(815301076,1909f56bfc062723c751e8b465ee728b)  -> (artifact id: 'c0957ec62deabb4f71b26aa0780e91ae') in 0.002655 seconds
  Import took 0.004828 seconds .

========================================================================
Received Prepare
Registering precompiled user dll's ...
Registered in 0.000563 seconds.
Begin MonoManager ReloadAssembly
Native extension for WindowsStandalone target not found
Native extension for WebGL target not found
Refreshing native plugins compatible for Editor in 0.21 ms, found 0 plugins.
Preloading 0 native plugins for Editor in 0.00 ms.
Invoked RoslynAnalysisRunner static constructor.
RoslynAnalysisRunner will not be running.
RoslynAnalysisRunner has terminated.
Mono: successfully reloaded assembly
- Completed reload, in  0.786 seconds
Platform modules already initialized, skipping
Refreshing native plugins compatible for Editor in 0.19 ms, found 0 plugins.
Preloading 0 native plugins for Editor in 0.00 ms.
Unloading 1093 Unused Serialized files (Serialized files now loaded: 0)
System memory in use before: 60.4 MB.
System memory in use after: 60.5 MB.

Unloading 6 unused Assets to reduce memory usage. Loaded Objects now: 1559.
Total: 1.343400 ms (FindLiveObjects: 0.127500 ms CreateObjectMapping: 0.037400 ms MarkObjects: 1.138500 ms  DeleteObjects: 0.039200 ms)

========================================================================
Received Prepare
Registering precompiled user dll's ...
Registered in 0.000540 seconds.
Begin MonoManager ReloadAssembly
Native extension for WindowsStandalone target not found
Native extension for WebGL target not found
Refreshing native plugins compatible for Editor in 0.18 ms, found 0 plugins.
Preloading 0 native plugins for Editor in 0.00 ms.
Invoked RoslynAnalysisRunner static constructor.
RoslynAnalysisRunner will not be running.
RoslynAnalysisRunner has terminated.
Mono: successfully reloaded assembly
- Completed reload, in  0.769 seconds
Platform modules already initialized, skipping
Refreshing native plugins compatible for Editor in 0.22 ms, found 0 plugins.
Preloading 0 native plugins for Editor in 0.00 ms.
Unloading 1106 Unused Serialized files (Serialized files now loaded: 0)
System memory in use before: 62.2 MB.
System memory in use after: 61.7 MB.

Unloading 18 unused Assets to reduce memory usage. Loaded Objects now: 1561.
Total: 1.647800 ms (FindLiveObjects: 0.143100 ms CreateObjectMapping: 0.040500 ms MarkObjects: 1.207600 ms  DeleteObjects: 0.255600 ms)

AssetImportWorkerClient::OnTransportError - code=2 error=End of file
